<?xml version="1.0" encoding="UTF-8"?>
<testsuite name="com.freightos.fms.FmsApplicationTest" tests="1" skipped="0" failures="0" errors="0" timestamp="2026-04-25T06:45:08.146Z" hostname="KYS" time="7.594">
  <properties/>
  <testcase name="contextLoads()" classname="com.freightos.fms.FmsApplicationTest" time="0.281"/>
  <system-out><![CDATA[15:45:08.233 [Test worker] INFO org.springframework.test.context.support.AnnotationConfigContextLoaderUtils -- Could not detect default configuration classes for test class [com.freightos.fms.FmsApplicationTest]: FmsApplicationTest does not declare any static, non-private, non-final, nested classes annotated with @Configuration.
15:45:08.321 [Test worker] INFO org.springframework.boot.test.context.SpringBootTestContextBootstrapper -- Found @SpringBootConfiguration com.freightos.fms.FmsApplication for test class com.freightos.fms.FmsApplicationTest

  .   ____          _            __ _ _
 /\\ / ___'_ __ _ _(_)_ __  __ _ \ \ \ \
( ( )\___ | '_ | '_| | '_ \/ _` | \ \ \ \
 \\/  ___)| |_)| | | | | || (_| |  ) ) ) )
  '  |____| .__|_| |_|_| |_\__, | / / / /
 =========|_|==============|___/=/_/_/_/

?[32m :: Spring Boot :: ?[39m              ?[2m (v3.4.4)?[0;39m

15:45:08 [Test worker] INFO  c.freightos.fms.FmsApplicationTest - Starting FmsApplicationTest using Java 21.0.2 with PID 232892 (started by a0102 in C:\vive-coding\portfolio-legacy-to-next\legacy-to-next\back-end\java-spring)
15:45:08 [Test worker] DEBUG c.freightos.fms.FmsApplicationTest - Running with Spring Boot v3.4.4, Spring v6.2.5
15:45:08 [Test worker] INFO  c.freightos.fms.FmsApplicationTest - The following 1 profile is active: "local"
15:45:09 [Test worker] INFO  o.s.d.r.c.RepositoryConfigurationDelegate - Bootstrapping Spring Data JPA repositories in DEFAULT mode.
15:45:09 [Test worker] INFO  o.s.d.r.c.RepositoryConfigurationDelegate - Finished Spring Data repository scanning in 43 ms. Found 2 JPA repository interfaces.
15:45:10 [Test worker] INFO  o.h.jpa.internal.util.LogHelper - HHH000204: Processing PersistenceUnitInfo [name: default]
15:45:10 [Test worker] INFO  org.hibernate.Version - HHH000412: Hibernate ORM core version 6.6.11.Final
15:45:10 [Test worker] INFO  o.h.c.i.RegionFactoryInitiator - HHH000026: Second-level cache disabled
15:45:11 [Test worker] INFO  o.s.o.j.p.SpringPersistenceUnitInfo - No LoadTimeWeaver setup: ignoring JPA class transformer
15:45:11 [Test worker] INFO  com.zaxxer.hikari.HikariDataSource - FmsHikariPool - Starting...
15:45:11 [Test worker] INFO  com.zaxxer.hikari.pool.HikariPool - FmsHikariPool - Added connection org.postgresql.jdbc.PgConnection@5819ee0f
15:45:11 [Test worker] INFO  com.zaxxer.hikari.HikariDataSource - FmsHikariPool - Start completed.
15:45:11 [Test worker] INFO  o.hibernate.orm.connections.pooling - HHH10001005: Database info:
	Database JDBC URL [Connecting through datasource 'HikariDataSource (FmsHikariPool)']
	Database driver: undefined/unknown
	Database version: 17.9
	Autocommit mode: undefined/unknown
	Isolation level: undefined/unknown
	Minimum pool size: undefined/unknown
	Maximum pool size: undefined/unknown
15:45:12 [Test worker] INFO  o.h.e.t.j.p.i.JtaPlatformInitiator - HHH000489: No JTA platform available (set 'hibernate.transaction.jta.platform' to enable JTA platform integration)
15:45:12 [Test worker] INFO  o.s.o.j.LocalContainerEntityManagerFactoryBean - Initialized JPA EntityManagerFactory for persistence unit 'default'
15:45:12 [Test worker] INFO  o.s.d.j.r.query.QueryEnhancerFactory - Hibernate is in classpath; If applicable, HQL parser will be used.
15:45:15 [Test worker] INFO  o.s.b.a.e.web.EndpointLinksResolver - Exposing 3 endpoints beneath base path '/actuator'
15:45:15 [Test worker] INFO  c.freightos.fms.FmsApplicationTest - Started FmsApplicationTest in 6.985 seconds (process running for 7.743)
]]></system-out>
  <system-err><![CDATA[Mockito is currently self-attaching to enable the inline-mock-maker. This will no longer work in future releases of the JDK. Please add Mockito as an agent to your build what is described in Mockito's documentation: https://javadoc.io/doc/org.mockito/mockito-core/latest/org/mockito/Mockito.html#0.3
WARNING: A Java agent has been loaded dynamically (C:\Users\a0102\.gradle\caches\modules-2\files-2.1\net.bytebuddy\byte-buddy-agent\1.15.11\a38b16385e867f59a641330f0362ebe742788ed8\byte-buddy-agent-1.15.11.jar)
WARNING: If a serviceability tool is in use, please run with -XX:+EnableDynamicAgentLoading to hide this warning
WARNING: If a serviceability tool is not in use, please run with -Djdk.instrument.traceUsage for more information
WARNING: Dynamic loading of agents will be disallowed by default in a future release
]]></system-err>
</testsuite>
